mpicc-openmpi-mp -pipe  -DVERSION=\"0\" -DCURR_MODULE_NAME=\"SnacDikeInjection\" -DPLUGIN_NAME=SnacDikeInjection -Wall -g    -c -o /Users/Tian/repos/github/snac-1/build/tmp/mod-SnacDikeInjectionmodule.so/Constitutive.o -I/Users/Tian/repos/github/snac-1/build/include   -I/Users/Tian/repos/github/snac-1/build/include/StGermain -I/Users/Tian/repos/github/snac-1/build/include   -I/opt/local/include/openmpi-mp   -I/opt/local/include/libxml2      Constitutive.c
Constitutive.c:141:14: warning: incompatible pointer types initializing 'Coord *' (aka 'double (*)[3]') with an expression of type 'Coord' (aka 'double [3]'); take the address with & [-Wincompatible-pointer-types]
             Coord* tetNodeCoord = Snac_Element_NodeCoord( context, element_lI, TetraToNode[tetra_I][node_lI] );
                    ^              ~~~~~~~~~~~~~~~~~~~~~~~~~~~~~~~~~~~~~~~~~~~~~~~~~~~~~~~~~~~~~~~~~~~~~~~~~~~~
                                   &
Constitutive.c:197:22: warning: unused variable 'TT' [-Wunused-variable]
                 int TT = ijk[2];
                     ^
Constitutive.c:118:10: warning: unused variable 'numer' [-Wunused-variable]
                double numer = 0.0;
                       ^
Constitutive.c:119:10: warning: unused variable 'denom' [-Wunused-variable]
                double denom = 1.0;
                       ^
Constitutive.c:78:9: warning: unused variable 'dZ' [-Wunused-variable]
        double dZ = endZ-startZ;
               ^
Constitutive.c:77:9: warning: unused variable 'dX' [-Wunused-variable]
        double dX = endX-startX;
               ^
6 warnings generated.
mpicc-openmpi-mp -pipe  -DVERSION=\"0\" -DCURR_MODULE_NAME=\"SnacDikeInjection\" -DPLUGIN_NAME=SnacDikeInjection -Wall -g   -o /Users/Tian/repos/github/snac-1/build/tmp/mod-SnacDikeInjectionmodule.so/SnacDikeInjectionmodule.so /Users/Tian/repos/github/snac-1/build/tmp/mod-SnacDikeInjectionmodule.so/Constitutive.o /Users/Tian/repos/github/snac-1/build/tmp/mod-SnacDikeInjectionmodule.so/ConstructExtensions.o /Users/Tian/repos/github/snac-1/build/tmp/mod-SnacDikeInjectionmodule.so/Context.o /Users/Tian/repos/github/snac-1/build/tmp/mod-SnacDikeInjectionmodule.so/Register.o  -bundle -flat_namespace -undefined suppress  -L/Users/Tian/repos/github/snac-1/build/lib   -L/Users/Tian/repos/github/snac-1/build/lib  -lSnac -lStGermain   -L/Users/Tian/repos/github/snac-1/build/lib -lmpi -L/opt/local/lib/openmpi-mp -lmpi -L/sw/lib    -L/opt/local/lib -lxml2 -lz -lpthread -liconv -lm   -lm -lmx            
ld: warning: directory not found for option '-L/sw/lib'
/bin/cp -f /Users/Tian/repos/github/snac-1/build/tmp/mod-SnacDikeInjectionmodule.so/SnacDikeInjectionmodule.so /Users/Tian/repos/github/snac-1/build/lib/SnacDikeInjectionmodule.so
